Using pre-set license
Built from '2020.3/staging' branch; Version is '2020.3.8f1 (507919d4fff5) revision 5273881'; Using compiler version '192528614'; Build Type 'Release'
OS: 'Windows 10 Home; OS build 19042.1165; Version 2009; 64bit' Language: 'en' Physical Memory: 12209 MB
BatchMode: 1, IsHumanControllingUs: 0, StartBugReporterOnCrash: 0, Is64bit: 1, IsPro: 0

 COMMAND LINE ARGUMENTS:
C:\Program Files\Unity\Hub\Editor\2020.3.8f1\Editor\Unity.exe
-adb2
-batchMode
-noUpm
-name
AssetImportWorker0
-projectPath
C:/Users/ugura/Downloads/HelixJump
-logFile
Logs/AssetImportWorker0.log
-srvPort
59015
Successfully changed project path to: C:/Users/ugura/Downloads/HelixJump
C:/Users/ugura/Downloads/HelixJump
Using Asset Import Pipeline V2.
Refreshing native plugins compatible for Editor in 38.14 ms, found 0 plugins.
Preloading 0 native plugins for Editor in 0.00 ms.
Initialize engine version: 2020.3.8f1 (507919d4fff5)
[Subsystems] Discovering subsystems at path C:/Program Files/Unity/Hub/Editor/2020.3.8f1/Editor/Data/Resources/UnitySubsystems
[Subsystems] Discovering subsystems at path C:/Users/ugura/Downloads/HelixJump/Assets
GfxDevice: creating device client; threaded=0
Direct3D:
    Version:  Direct3D 11.0 [level 11.0]
    Renderer: NVIDIA GeForce GTX 960M (ID=0x139b)
    Vendor:   
    VRAM:     2010 MB
    Driver:   27.21.14.6677
Initialize mono
Mono path[0] = 'C:/Program Files/Unity/Hub/Editor/2020.3.8f1/Editor/Data/Managed'
Mono path[1] = 'C:/Program Files/Unity/Hub/Editor/2020.3.8f1/Editor/Data/MonoBleedingEdge/lib/mono/unityjit'
Mono config path = 'C:/Program Files/Unity/Hub/Editor/2020.3.8f1/Editor/Data/MonoBleedingEdge/etc'
Using monoOptions --debugger-agent=transport=dt_socket,embedding=1,server=y,suspend=n,address=127.0.0.1:56192
Begin MonoManager ReloadAssembly
Registering precompiled unity dll's ...
Register platform support module: C:/Program Files/Unity/Hub/Editor/2020.3.8f1/Editor/Data/PlaybackEngines/WindowsStandaloneSupport/UnityEditor.WindowsStandalone.Extensions.dll
Registered in 0.008623 seconds.
Native extension for WindowsStandalone target not found
Refreshing native plugins compatible for Editor in 43.51 ms, found 0 plugins.
Preloading 0 native plugins for Editor in 0.00 ms.
Mono: successfully reloaded assembly
- Completed reload, in  2.660 seconds
Platform modules already initialized, skipping
Registering precompiled user dll's ...
Registered in 0.002301 seconds.
Begin MonoManager ReloadAssembly
Native extension for WindowsStandalone target not found
Refreshing native plugins compatible for Editor in 0.25 ms, found 0 plugins.
Preloading 0 native plugins for Editor in 0.00 ms.
Mono: successfully reloaded assembly
- Completed reload, in  1.643 seconds
Platform modules already initialized, skipping
========================================================================
Worker process is ready to serve import requests
Launched and connected shader compiler UnityShaderCompiler.exe after 0.09 seconds
Refreshing native plugins compatible for Editor in 0.26 ms, found 0 plugins.
Preloading 0 native plugins for Editor in 0.00 ms.
Unloading 1115 Unused Serialized files (Serialized files now loaded: 0)
System memory in use before: 57.0 MB.
System memory in use after: 57.1 MB.

Unloading 10 unused Assets to reduce memory usage. Loaded Objects now: 1557.
Total: 2.425000 ms (FindLiveObjects: 0.182200 ms CreateObjectMapping: 0.094000 ms MarkObjects: 2.050200 ms  DeleteObjects: 0.097400 ms)

========================================================================
Received Import Request.
  path: Assets
  artifactKey: Guid(00000000000000001000000000000000) Importer(815301076,1909f56bfc062723c751e8b465ee728b)
Start importing Assets using Guid(00000000000000001000000000000000) Importer(815301076,1909f56bfc062723c751e8b465ee728b)  -> (artifact id: '42d402b061de3733987d63b9cc3b64de') in 0.011845 seconds
  Import took 0.014737 seconds .

========================================================================
Received Import Request.
  Time since last request: 0.102038 seconds.
  path: Assets/Scripts
  artifactKey: Guid(4f2b1631b09f1a44082039fac3ea2e7a) Importer(815301076,1909f56bfc062723c751e8b465ee728b)
Start importing Assets/Scripts using Guid(4f2b1631b09f1a44082039fac3ea2e7a) Importer(815301076,1909f56bfc062723c751e8b465ee728b)  -> (artifact id: '3c8d024069efa9669c55fad0b500ecef') in 0.008649 seconds
  Import took 0.012271 seconds .

========================================================================
Received Import Request.
  Time since last request: 6.447441 seconds.
  path: Assets/Sprites
  artifactKey: Guid(86d74dc5c38df044698acd073e49e6c1) Importer(815301076,1909f56bfc062723c751e8b465ee728b)
Start importing Assets/Sprites using Guid(86d74dc5c38df044698acd073e49e6c1) Importer(815301076,1909f56bfc062723c751e8b465ee728b)  -> (artifact id: '1ed1181921a28b9e09046f7a95f201f2') in 0.008159 seconds
  Import took 0.011371 seconds .

========================================================================
Received Import Request.
  Time since last request: 56.086760 seconds.
  path: Assets/Sprites/Background.png
  artifactKey: Guid(36fd665f00ed4a04d947a2e80d070397) Importer(815301076,1909f56bfc062723c751e8b465ee728b)
Start importing Assets/Sprites/Background.png using Guid(36fd665f00ed4a04d947a2e80d070397) Importer(815301076,1909f56bfc062723c751e8b465ee728b)  -> (artifact id: '9b8182036d487e991837dd48fc78d1e4') in 0.234653 seconds
  Import took 0.238176 seconds .

========================================================================
Received Import Request.
  Time since last request: 0.000225 seconds.
  path: Assets/Sprites/Platform.fbx
  artifactKey: Guid(d397726c1066ed14cbeecb409e5676c0) Importer(815301076,1909f56bfc062723c751e8b465ee728b)
Start importing Assets/Sprites/Platform.fbx using Guid(d397726c1066ed14cbeecb409e5676c0) Importer(815301076,1909f56bfc062723c751e8b465ee728b)  -> (artifact id: 'b505e440ad62cd494d3e839d7b36b201') in 0.427197 seconds
  Import took 0.432035 seconds .

========================================================================
Received Import Request.
  Time since last request: 0.000248 seconds.
  path: Assets/Sprites/Paint Splash.png
  artifactKey: Guid(fd755229a57d1aa48853f12f55be8635) Importer(815301076,1909f56bfc062723c751e8b465ee728b)
Start importing Assets/Sprites/Paint Splash.png using Guid(fd755229a57d1aa48853f12f55be8635) Importer(815301076,1909f56bfc062723c751e8b465ee728b)  -> (artifact id: 'a34106d5471a55849bd80f98ee7e6867') in 0.016846 seconds
  Import took 0.019553 seconds .

========================================================================
Received Import Request.
  Time since last request: 72.279368 seconds.
  path: Assets/Material
  artifactKey: Guid(e096267f15025bb4a88dca0ce8a3543b) Importer(815301076,1909f56bfc062723c751e8b465ee728b)
Start importing Assets/Material using Guid(e096267f15025bb4a88dca0ce8a3543b) Importer(815301076,1909f56bfc062723c751e8b465ee728b)  -> (artifact id: '08d06b237e291266cc1dfa64b1fec2d5') in 0.011487 seconds
  Import took 0.014413 seconds .

========================================================================
Received Import Request.
  Time since last request: 18.404246 seconds.
  path: Assets/Material/Cylinder.mat
  artifactKey: Guid(d2aa5f687e1fc6d4ba8851d8905cb45f) Importer(815301076,1909f56bfc062723c751e8b465ee728b)
Start importing Assets/Material/Cylinder.mat using Guid(d2aa5f687e1fc6d4ba8851d8905cb45f) Importer(815301076,1909f56bfc062723c751e8b465ee728b)  -> (artifact id: '9eb7fd1301b9d56c83d9b8dd093d992b') in 0.152598 seconds
  Import took 0.155321 seconds .

========================================================================
Received Import Request.
  Time since last request: 101.030414 seconds.
  path: Assets/Sprites/Background.png
  artifactKey: Guid(36fd665f00ed4a04d947a2e80d070397) Importer(815301076,1909f56bfc062723c751e8b465ee728b)
Start importing Assets/Sprites/Background.png using Guid(36fd665f00ed4a04d947a2e80d070397) Importer(815301076,1909f56bfc062723c751e8b465ee728b)  -> (artifact id: 'da4e6ed406dcd184bffbe85bf7eefbde') in 0.083190 seconds
  Import took 0.092692 seconds .

========================================================================
Received Import Request.
  Time since last request: 22.314792 seconds.
  path: Assets/Sprites/Background.png
  artifactKey: Guid(36fd665f00ed4a04d947a2e80d070397) Importer(815301076,1909f56bfc062723c751e8b465ee728b)
Start importing Assets/Sprites/Background.png using Guid(36fd665f00ed4a04d947a2e80d070397) Importer(815301076,1909f56bfc062723c751e8b465ee728b)  -> (artifact id: '5dd3aa9fde55c533a1890501d6b7b8da') in 0.016015 seconds
  Import took 0.022765 seconds .

========================================================================
Received Import Request.
  Time since last request: 13.879303 seconds.
  path: Assets/Sprites/Background.png
  artifactKey: Guid(36fd665f00ed4a04d947a2e80d070397) Importer(815301076,1909f56bfc062723c751e8b465ee728b)
Start importing Assets/Sprites/Background.png using Guid(36fd665f00ed4a04d947a2e80d070397) Importer(815301076,1909f56bfc062723c751e8b465ee728b)  -> (artifact id: 'babc9d71d9dd728f4c75377f89bb7c70') in 0.026773 seconds
  Import took 0.033899 seconds .

========================================================================
Received Import Request.
  Time since last request: 1189.574105 seconds.
  path: Assets/Material/Cylinder.mat
  artifactKey: Guid(d2aa5f687e1fc6d4ba8851d8905cb45f) Importer(815301076,1909f56bfc062723c751e8b465ee728b)
Start importing Assets/Material/Cylinder.mat using Guid(d2aa5f687e1fc6d4ba8851d8905cb45f) Importer(815301076,1909f56bfc062723c751e8b465ee728b)  -> (artifact id: '421a9a32fb1e38bbc6f19011d779d256') in 0.049587 seconds
  Import took 0.054199 seconds .

========================================================================
Received Import Request.
  Time since last request: 15.094540 seconds.
  path: Assets/Material/SafeColor.mat
  artifactKey: Guid(fc08368f20b65654b93d7a44bad96335) Importer(815301076,1909f56bfc062723c751e8b465ee728b)
Start importing Assets/Material/SafeColor.mat using Guid(fc08368f20b65654b93d7a44bad96335) Importer(815301076,1909f56bfc062723c751e8b465ee728b)  -> (artifact id: 'dbc200043d70e5ba45a3c97b7d8c81ba') in 0.043785 seconds
  Import took 0.049425 seconds .

========================================================================
Received Import Request.
  Time since last request: 914.684929 seconds.
  path: Assets/Sprites/Platform.prefab
  artifactKey: Guid(b54f661e1fcc5574dbbae27e8ccc3fd0) Importer(815301076,1909f56bfc062723c751e8b465ee728b)
Start importing Assets/Sprites/Platform.prefab using Guid(b54f661e1fcc5574dbbae27e8ccc3fd0) Importer(815301076,1909f56bfc062723c751e8b465ee728b)  -> (artifact id: '733613c22f7de0570e936cfeb383d481') in 0.091203 seconds
  Import took 0.097032 seconds .

========================================================================
Received Import Request.
  Time since last request: 851.867689 seconds.
  path: Assets/Material/Ball.mat
  artifactKey: Guid(5f950be929c384a47a0e182a7dd6c249) Importer(815301076,1909f56bfc062723c751e8b465ee728b)
Start importing Assets/Material/Ball.mat using Guid(5f950be929c384a47a0e182a7dd6c249) Importer(815301076,1909f56bfc062723c751e8b465ee728b)  -> (artifact id: 'fed3db3a1dba817c307231521024a09d') in 0.061275 seconds
  Import took 0.071580 seconds .

========================================================================
Received Import Request.
  Time since last request: 34.916318 seconds.
  path: Assets/Material/UnsafeColor.mat
  artifactKey: Guid(0574e1f7a27aa384e95e91ba78288866) Importer(815301076,1909f56bfc062723c751e8b465ee728b)
Start importing Assets/Material/UnsafeColor.mat using Guid(0574e1f7a27aa384e95e91ba78288866) Importer(815301076,1909f56bfc062723c751e8b465ee728b)  -> (artifact id: 'f62ae5d3a2232f6b10a31ce789686cf3') in 0.023874 seconds
  Import took 0.031339 seconds .

========================================================================
Received Prepare
Registering precompiled user dll's ...
Registered in 0.002749 seconds.
Begin MonoManager ReloadAssembly
Native extension for WindowsStandalone target not found
Refreshing native plugins compatible for Editor in 0.34 ms, found 0 plugins.
Preloading 0 native plugins for Editor in 0.00 ms.
Mono: successfully reloaded assembly
- Completed reload, in  2.028 seconds
Platform modules already initialized, skipping
Refreshing native plugins compatible for Editor in 0.37 ms, found 0 plugins.
Preloading 0 native plugins for Editor in 0.00 ms.
Unloading 1110 Unused Serialized files (Serialized files now loaded: 0)
System memory in use before: 60.5 MB.
System memory in use after: 60.5 MB.

Unloading 6 unused Assets to reduce memory usage. Loaded Objects now: 1607.
Total: 5.262700 ms (FindLiveObjects: 0.442000 ms CreateObjectMapping: 0.204700 ms MarkObjects: 4.515900 ms  DeleteObjects: 0.097300 ms)

========================================================================
Received Prepare
Registering precompiled user dll's ...
Registered in 0.002612 seconds.
Begin MonoManager ReloadAssembly
Native extension for WindowsStandalone target not found
Refreshing native plugins compatible for Editor in 0.32 ms, found 0 plugins.
Preloading 0 native plugins for Editor in 0.00 ms.
Mono: successfully reloaded assembly
- Completed reload, in  1.898 seconds
Platform modules already initialized, skipping
Refreshing native plugins compatible for Editor in 0.34 ms, found 0 plugins.
Preloading 0 native plugins for Editor in 0.00 ms.
Unloading 1110 Unused Serialized files (Serialized files now loaded: 0)
System memory in use before: 60.5 MB.
System memory in use after: 60.6 MB.

Unloading 5 unused Assets to reduce memory usage. Loaded Objects now: 1610.
Total: 2.772000 ms (FindLiveObjects: 0.223000 ms CreateObjectMapping: 0.100900 ms MarkObjects: 2.374000 ms  DeleteObjects: 0.072300 ms)

========================================================================
Received Import Request.
  Time since last request: 116.724924 seconds.
  path: Assets/Scripts/Rotate_Cylinder.cs
  artifactKey: Guid(998e081a7e8329c42b94a78c74242dab) Importer(815301076,1909f56bfc062723c751e8b465ee728b)
Start importing Assets/Scripts/Rotate_Cylinder.cs using Guid(998e081a7e8329c42b94a78c74242dab) Importer(815301076,1909f56bfc062723c751e8b465ee728b)  -> (artifact id: '707e64bfc3137dedcb23f49424fad6bf') in 0.061712 seconds
  Import took 0.070370 seconds .

========================================================================
Received Prepare
Registering precompiled user dll's ...
Registered in 0.007238 seconds.
Begin MonoManager ReloadAssembly
Native extension for WindowsStandalone target not found
Refreshing native plugins compatible for Editor in 0.55 ms, found 0 plugins.
Preloading 0 native plugins for Editor in 0.00 ms.
Mono: successfully reloaded assembly
- Completed reload, in  4.474 seconds
Platform modules already initialized, skipping
Refreshing native plugins compatible for Editor in 0.58 ms, found 0 plugins.
Preloading 0 native plugins for Editor in 0.00 ms.
Unloading 1111 Unused Serialized files (Serialized files now loaded: 0)
System memory in use before: 60.5 MB.
System memory in use after: 60.6 MB.

Unloading 5 unused Assets to reduce memory usage. Loaded Objects now: 1614.
Total: 11.079400 ms (FindLiveObjects: 0.380700 ms CreateObjectMapping: 0.170600 ms MarkObjects: 10.365600 ms  DeleteObjects: 0.157000 ms)

========================================================================
Received Prepare
Registering precompiled user dll's ...
Registered in 0.004288 seconds.
Begin MonoManager ReloadAssembly
Native extension for WindowsStandalone target not found
Refreshing native plugins compatible for Editor in 0.34 ms, found 0 plugins.
Preloading 0 native plugins for Editor in 0.00 ms.
Mono: successfully reloaded assembly
- Completed reload, in  1.798 seconds
Platform modules already initialized, skipping
Refreshing native plugins compatible for Editor in 0.33 ms, found 0 plugins.
Preloading 0 native plugins for Editor in 0.00 ms.
Unloading 1111 Unused Serialized files (Serialized files now loaded: 0)
System memory in use before: 60.5 MB.
System memory in use after: 60.6 MB.

Unloading 5 unused Assets to reduce memory usage. Loaded Objects now: 1617.
Total: 2.524800 ms (FindLiveObjects: 0.252600 ms CreateObjectMapping: 0.061800 ms MarkObjects: 2.129300 ms  DeleteObjects: 0.079000 ms)

========================================================================
Received Import Request.
  Time since last request: 223.441598 seconds.
  path: Assets/Scripts/Rotate_Cylinder.cs
  artifactKey: Guid(998e081a7e8329c42b94a78c74242dab) Importer(815301076,1909f56bfc062723c751e8b465ee728b)
Start importing Assets/Scripts/Rotate_Cylinder.cs using Guid(998e081a7e8329c42b94a78c74242dab) Importer(815301076,1909f56bfc062723c751e8b465ee728b)  -> (artifact id: 'f7525c23307c6f77f5c889a1c50f545c') in 0.012656 seconds
  Import took 0.020067 seconds .

========================================================================
Received Prepare
Registering precompiled user dll's ...
Registered in 0.003175 seconds.
Begin MonoManager ReloadAssembly
Native extension for WindowsStandalone target not found
Refreshing native plugins compatible for Editor in 0.35 ms, found 0 plugins.
Preloading 0 native plugins for Editor in 0.00 ms.
Mono: successfully reloaded assembly
- Completed reload, in  1.932 seconds
Platform modules already initialized, skipping
Refreshing native plugins compatible for Editor in 0.76 ms, found 0 plugins.
Preloading 0 native plugins for Editor in 0.00 ms.
Unloading 1111 Unused Serialized files (Serialized files now loaded: 0)
System memory in use before: 60.6 MB.
System memory in use after: 60.6 MB.

Unloading 5 unused Assets to reduce memory usage. Loaded Objects now: 1620.
Total: 4.055400 ms (FindLiveObjects: 0.238000 ms CreateObjectMapping: 0.107100 ms MarkObjects: 3.595600 ms  DeleteObjects: 0.111900 ms)

========================================================================
Received Import Request.
  Time since last request: 39.249172 seconds.
  path: Assets/Scripts/Ball
  artifactKey: Guid(576632868a4576b4aa15288866c8b939) Importer(815301076,1909f56bfc062723c751e8b465ee728b)
Start importing Assets/Scripts/Ball using Guid(576632868a4576b4aa15288866c8b939) Importer(815301076,1909f56bfc062723c751e8b465ee728b)  -> (artifact id: 'd7d8e682f4c4ba97665d29444fdbc721') in 0.016700 seconds
  Import took 0.022135 seconds .

========================================================================
Received Import Request.
  Time since last request: 7.968601 seconds.
  path: Assets/Scripts/Ball.cs
  artifactKey: Guid(d093db08667505d44b930b1df7bcfbe1) Importer(815301076,1909f56bfc062723c751e8b465ee728b)
Start importing Assets/Scripts/Ball.cs using Guid(d093db08667505d44b930b1df7bcfbe1) Importer(815301076,1909f56bfc062723c751e8b465ee728b)  -> (artifact id: 'c81ad4a6a70a6f14d6ede5225cb73e39') in 0.010006 seconds
  Import took 0.014607 seconds .

========================================================================
Received Import Request.
  Time since last request: 0.001541 seconds.
  path: Assets/Scripts/Ball.cs
  artifactKey: Guid(d093db08667505d44b930b1df7bcfbe1) Importer(815301076,1909f56bfc062723c751e8b465ee728b)
Start importing Assets/Scripts/Ball.cs using Guid(d093db08667505d44b930b1df7bcfbe1) Importer(815301076,1909f56bfc062723c751e8b465ee728b)  -> (artifact id: 'c81ad4a6a70a6f14d6ede5225cb73e39') in 0.027101 seconds
  Import took 0.039885 seconds .

========================================================================
Received Prepare
Registering precompiled user dll's ...
Registered in 0.002529 seconds.
Begin MonoManager ReloadAssembly
Native extension for WindowsStandalone target not found
Refreshing native plugins compatible for Editor in 0.33 ms, found 0 plugins.
Preloading 0 native plugins for Editor in 0.00 ms.
Mono: successfully reloaded assembly
- Completed reload, in  1.848 seconds
Platform modules already initialized, skipping
Refreshing native plugins compatible for Editor in 0.29 ms, found 0 plugins.
Preloading 0 native plugins for Editor in 0.00 ms.
Unloading 1112 Unused Serialized files (Serialized files now loaded: 0)
System memory in use before: 60.6 MB.
System memory in use after: 60.7 MB.

Unloading 5 unused Assets to reduce memory usage. Loaded Objects now: 1624.
Total: 2.227700 ms (FindLiveObjects: 0.184300 ms CreateObjectMapping: 0.055400 ms MarkObjects: 1.918300 ms  DeleteObjects: 0.068300 ms)

========================================================================
Received Prepare
Registering precompiled user dll's ...
Registered in 0.002595 seconds.
Begin MonoManager ReloadAssembly
Native extension for WindowsStandalone target not found
Refreshing native plugins compatible for Editor in 0.28 ms, found 0 plugins.
Preloading 0 native plugins for Editor in 0.00 ms.
Mono: successfully reloaded assembly
- Completed reload, in  1.557 seconds
Platform modules already initialized, skipping
Refreshing native plugins compatible for Editor in 0.31 ms, found 0 plugins.
Preloading 0 native plugins for Editor in 0.00 ms.
Unloading 1112 Unused Serialized files (Serialized files now loaded: 0)
System memory in use before: 60.6 MB.
System memory in use after: 60.7 MB.

Unloading 5 unused Assets to reduce memory usage. Loaded Objects now: 1627.
Total: 2.773200 ms (FindLiveObjects: 0.221100 ms CreateObjectMapping: 0.144100 ms MarkObjects: 2.335100 ms  DeleteObjects: 0.071300 ms)

========================================================================
Received Prepare
Registering precompiled user dll's ...
Registered in 0.002212 seconds.
Begin MonoManager ReloadAssembly
Native extension for WindowsStandalone target not found
Refreshing native plugins compatible for Editor in 0.25 ms, found 0 plugins.
Preloading 0 native plugins for Editor in 0.00 ms.
Mono: successfully reloaded assembly
- Completed reload, in  1.761 seconds
Platform modules already initialized, skipping
Refreshing native plugins compatible for Editor in 0.30 ms, found 0 plugins.
Preloading 0 native plugins for Editor in 0.00 ms.
Unloading 1112 Unused Serialized files (Serialized files now loaded: 0)
System memory in use before: 60.6 MB.
System memory in use after: 60.7 MB.

Unloading 5 unused Assets to reduce memory usage. Loaded Objects now: 1630.
Total: 2.510700 ms (FindLiveObjects: 0.210000 ms CreateObjectMapping: 0.089900 ms MarkObjects: 2.105200 ms  DeleteObjects: 0.103900 ms)

========================================================================
Received Prepare
Registering precompiled user dll's ...
Registered in 0.003639 seconds.
Begin MonoManager ReloadAssembly
Native extension for WindowsStandalone target not found
Refreshing native plugins compatible for Editor in 0.35 ms, found 0 plugins.
Preloading 0 native plugins for Editor in 0.00 ms.
Mono: successfully reloaded assembly
- Completed reload, in  2.072 seconds
Platform modules already initialized, skipping
Refreshing native plugins compatible for Editor in 0.67 ms, found 0 plugins.
Preloading 0 native plugins for Editor in 0.00 ms.
Unloading 1112 Unused Serialized files (Serialized files now loaded: 0)
System memory in use before: 60.6 MB.
System memory in use after: 60.7 MB.

Unloading 5 unused Assets to reduce memory usage. Loaded Objects now: 1633.
Total: 3.549500 ms (FindLiveObjects: 0.217200 ms CreateObjectMapping: 0.101500 ms MarkObjects: 3.055000 ms  DeleteObjects: 0.173300 ms)

========================================================================
Received Import Request.
  Time since last request: 3685.143448 seconds.
  path: Assets/Scripts/CameraController.cs
  artifactKey: Guid(c622da89f7ebce14898ee52ea227e02a) Importer(815301076,1909f56bfc062723c751e8b465ee728b)
Start importing Assets/Scripts/CameraController.cs using Guid(c622da89f7ebce14898ee52ea227e02a) Importer(815301076,1909f56bfc062723c751e8b465ee728b)  -> (artifact id: '560eec94f850ed2131bf3070a264ac75') in 0.018710 seconds
  Import took 0.042700 seconds .

========================================================================
Received Prepare
Registering precompiled user dll's ...
Registered in 0.002669 seconds.
Begin MonoManager ReloadAssembly
Native extension for WindowsStandalone target not found
Refreshing native plugins compatible for Editor in 0.27 ms, found 0 plugins.
Preloading 0 native plugins for Editor in 0.00 ms.
Mono: successfully reloaded assembly
- Completed reload, in  1.648 seconds
Platform modules already initialized, skipping
Refreshing native plugins compatible for Editor in 0.28 ms, found 0 plugins.
Preloading 0 native plugins for Editor in 0.00 ms.
Unloading 1113 Unused Serialized files (Serialized files now loaded: 0)
System memory in use before: 60.6 MB.
System memory in use after: 60.7 MB.

Unloading 5 unused Assets to reduce memory usage. Loaded Objects now: 1637.
Total: 2.454600 ms (FindLiveObjects: 0.294500 ms CreateObjectMapping: 0.099800 ms MarkObjects: 1.988200 ms  DeleteObjects: 0.069800 ms)

========================================================================
Received Prepare
Registering precompiled user dll's ...
Registered in 0.003605 seconds.
Begin MonoManager ReloadAssembly
Native extension for WindowsStandalone target not found
Refreshing native plugins compatible for Editor in 0.70 ms, found 0 plugins.
Preloading 0 native plugins for Editor in 0.00 ms.
Mono: successfully reloaded assembly
- Completed reload, in  1.447 seconds
Platform modules already initialized, skipping
Refreshing native plugins compatible for Editor in 0.25 ms, found 0 plugins.
Preloading 0 native plugins for Editor in 0.00 ms.
Unloading 1113 Unused Serialized files (Serialized files now loaded: 0)
System memory in use before: 60.6 MB.
System memory in use after: 60.7 MB.

Unloading 5 unused Assets to reduce memory usage. Loaded Objects now: 1640.
Total: 2.068400 ms (FindLiveObjects: 0.171100 ms CreateObjectMapping: 0.076600 ms MarkObjects: 1.758600 ms  DeleteObjects: 0.061000 ms)

========================================================================
Received Import Request.
  Time since last request: 165.816324 seconds.
  path: Assets/Scripts/CameraController.cs
  artifactKey: Guid(c622da89f7ebce14898ee52ea227e02a) Importer(815301076,1909f56bfc062723c751e8b465ee728b)
Start importing Assets/Scripts/CameraController.cs using Guid(c622da89f7ebce14898ee52ea227e02a) Importer(815301076,1909f56bfc062723c751e8b465ee728b)  -> (artifact id: '94f7f3214f800f86054e4159240e6438') in 0.009871 seconds
  Import took 0.016465 seconds .

========================================================================
Received Prepare
Registering precompiled user dll's ...
Registered in 0.002858 seconds.
Begin MonoManager ReloadAssembly
Native extension for WindowsStandalone target not found
Refreshing native plugins compatible for Editor in 0.86 ms, found 0 plugins.
Preloading 0 native plugins for Editor in 0.00 ms.
Mono: successfully reloaded assembly
- Completed reload, in  2.081 seconds
Platform modules already initialized, skipping
Refreshing native plugins compatible for Editor in 0.32 ms, found 0 plugins.
Preloading 0 native plugins for Editor in 0.00 ms.
Unloading 1113 Unused Serialized files (Serialized files now loaded: 0)
System memory in use before: 60.6 MB.
System memory in use after: 60.7 MB.

Unloading 5 unused Assets to reduce memory usage. Loaded Objects now: 1643.
Total: 4.073000 ms (FindLiveObjects: 0.508500 ms CreateObjectMapping: 0.292400 ms MarkObjects: 3.187900 ms  DeleteObjects: 0.080500 ms)

========================================================================
Received Prepare
Registering precompiled user dll's ...
Registered in 0.001796 seconds.
Begin MonoManager ReloadAssembly
Native extension for WindowsStandalone target not found
Refreshing native plugins compatible for Editor in 0.27 ms, found 0 plugins.
Preloading 0 native plugins for Editor in 0.00 ms.
Mono: successfully reloaded assembly
- Completed reload, in  1.314 seconds
Platform modules already initialized, skipping
Refreshing native plugins compatible for Editor in 0.25 ms, found 0 plugins.
Preloading 0 native plugins for Editor in 0.00 ms.
Unloading 1113 Unused Serialized files (Serialized files now loaded: 0)
System memory in use before: 60.6 MB.
System memory in use after: 60.7 MB.

Unloading 5 unused Assets to reduce memory usage. Loaded Objects now: 1646.
Total: 2.150400 ms (FindLiveObjects: 0.170900 ms CreateObjectMapping: 0.070500 ms MarkObjects: 1.849200 ms  DeleteObjects: 0.058800 ms)

========================================================================
Received Prepare
Registering precompiled user dll's ...
Registered in 0.002780 seconds.
Begin MonoManager ReloadAssembly
Native extension for WindowsStandalone target not found
Refreshing native plugins compatible for Editor in 0.32 ms, found 0 plugins.
Preloading 0 native plugins for Editor in 0.00 ms.
Mono: successfully reloaded assembly
- Completed reload, in  1.742 seconds
Platform modules already initialized, skipping
Refreshing native plugins compatible for Editor in 0.34 ms, found 0 plugins.
Preloading 0 native plugins for Editor in 0.00 ms.
Unloading 1113 Unused Serialized files (Serialized files now loaded: 0)
System memory in use before: 60.7 MB.
System memory in use after: 60.7 MB.

Unloading 5 unused Assets to reduce memory usage. Loaded Objects now: 1649.
Total: 3.025800 ms (FindLiveObjects: 0.227300 ms CreateObjectMapping: 0.099000 ms MarkObjects: 2.615700 ms  DeleteObjects: 0.081700 ms)

========================================================================
Received Import Request.
  Time since last request: 552.618625 seconds.
  path: Assets/Material/FinalSuccess.mat
  artifactKey: Guid(e5cc7f3d6bd69f54d9ab1b382318f76f) Importer(815301076,1909f56bfc062723c751e8b465ee728b)
Start importing Assets/Material/FinalSuccess.mat using Guid(e5cc7f3d6bd69f54d9ab1b382318f76f) Importer(815301076,1909f56bfc062723c751e8b465ee728b)  -> (artifact id: '03ebe12a2c064a84b260527d29c48e95') in 0.210216 seconds
  Import took 0.214537 seconds .

========================================================================
Received Prepare
Registering precompiled user dll's ...
Registered in 0.001932 seconds.
Begin MonoManager ReloadAssembly
Native extension for WindowsStandalone target not found
Refreshing native plugins compatible for Editor in 0.26 ms, found 0 plugins.
Preloading 0 native plugins for Editor in 0.00 ms.
Mono: successfully reloaded assembly
- Completed reload, in  1.308 seconds
Platform modules already initialized, skipping
Refreshing native plugins compatible for Editor in 0.26 ms, found 0 plugins.
Preloading 0 native plugins for Editor in 0.00 ms.
Unloading 1113 Unused Serialized files (Serialized files now loaded: 0)
System memory in use before: 60.7 MB.
System memory in use after: 60.7 MB.

Unloading 5 unused Assets to reduce memory usage. Loaded Objects now: 1653.
Total: 2.403400 ms (FindLiveObjects: 0.174800 ms CreateObjectMapping: 0.074300 ms MarkObjects: 2.087100 ms  DeleteObjects: 0.066400 ms)

========================================================================
Received Prepare
Registering precompiled user dll's ...
Registered in 0.002878 seconds.
Begin MonoManager ReloadAssembly
Native extension for WindowsStandalone target not found
Refreshing native plugins compatible for Editor in 0.24 ms, found 0 plugins.
Preloading 0 native plugins for Editor in 0.00 ms.
Mono: successfully reloaded assembly
- Completed reload, in  1.220 seconds
Platform modules already initialized, skipping
Refreshing native plugins compatible for Editor in 0.24 ms, found 0 plugins.
Preloading 0 native plugins for Editor in 0.00 ms.
Unloading 1113 Unused Serialized files (Serialized files now loaded: 0)
System memory in use before: 60.7 MB.
System memory in use after: 60.8 MB.

Unloading 5 unused Assets to reduce memory usage. Loaded Objects now: 1656.
Total: 2.175300 ms (FindLiveObjects: 0.177300 ms CreateObjectMapping: 0.078000 ms MarkObjects: 1.856200 ms  DeleteObjects: 0.062600 ms)

========================================================================
Received Prepare
Registering precompiled user dll's ...
Registered in 0.002078 seconds.
Begin MonoManager ReloadAssembly
Native extension for WindowsStandalone target not found
Refreshing native plugins compatible for Editor in 0.25 ms, found 0 plugins.
Preloading 0 native plugins for Editor in 0.00 ms.
Mono: successfully reloaded assembly
- Completed reload, in  1.134 seconds
Platform modules already initialized, skipping
Refreshing native plugins compatible for Editor in 0.24 ms, found 0 plugins.
Preloading 0 native plugins for Editor in 0.00 ms.
Unloading 1113 Unused Serialized files (Serialized files now loaded: 0)
System memory in use before: 60.7 MB.
System memory in use after: 60.8 MB.

Unloading 5 unused Assets to reduce memory usage. Loaded Objects now: 1659.
Total: 2.252200 ms (FindLiveObjects: 0.185500 ms CreateObjectMapping: 0.075800 ms MarkObjects: 1.930900 ms  DeleteObjects: 0.059300 ms)

========================================================================
Received Prepare
Registering precompiled user dll's ...
Registered in 0.002226 seconds.
Begin MonoManager ReloadAssembly
Native extension for WindowsStandalone target not found
Refreshing native plugins compatible for Editor in 0.30 ms, found 0 plugins.
Preloading 0 native plugins for Editor in 0.00 ms.
Mono: successfully reloaded assembly
- Completed reload, in  1.640 seconds
Platform modules already initialized, skipping
Refreshing native plugins compatible for Editor in 0.41 ms, found 0 plugins.
Preloading 0 native plugins for Editor in 0.00 ms.
Unloading 1113 Unused Serialized files (Serialized files now loaded: 0)
System memory in use before: 60.7 MB.
System memory in use after: 60.8 MB.

Unloading 5 unused Assets to reduce memory usage. Loaded Objects now: 1662.
Total: 4.538400 ms (FindLiveObjects: 0.209900 ms CreateObjectMapping: 0.082200 ms MarkObjects: 4.131500 ms  DeleteObjects: 0.113000 ms)

========================================================================
Received Prepare
Registering precompiled user dll's ...
Registered in 0.001654 seconds.
Begin MonoManager ReloadAssembly
Native extension for WindowsStandalone target not found
Refreshing native plugins compatible for Editor in 0.25 ms, found 0 plugins.
Preloading 0 native plugins for Editor in 0.00 ms.
Mono: successfully reloaded assembly
- Completed reload, in  1.146 seconds
Platform modules already initialized, skipping
Refreshing native plugins compatible for Editor in 0.26 ms, found 0 plugins.
Preloading 0 native plugins for Editor in 0.00 ms.
Unloading 1113 Unused Serialized files (Serialized files now loaded: 0)
System memory in use before: 60.7 MB.
System memory in use after: 60.8 MB.

Unloading 5 unused Assets to reduce memory usage. Loaded Objects now: 1665.
Total: 2.300000 ms (FindLiveObjects: 0.181400 ms CreateObjectMapping: 0.074200 ms MarkObjects: 1.981300 ms  DeleteObjects: 0.062000 ms)

========================================================================
Received Import Request.
  Time since last request: 3975.899640 seconds.
  path: Assets/Material/Ball.mat
  artifactKey: Guid(5f950be929c384a47a0e182a7dd6c249) Importer(815301076,1909f56bfc062723c751e8b465ee728b)
Start importing Assets/Material/Ball.mat using Guid(5f950be929c384a47a0e182a7dd6c249) Importer(815301076,1909f56bfc062723c751e8b465ee728b)  -> (artifact id: '595cc5f5a672e05def9fa176570c530f') in 0.088407 seconds
  Import took 0.091896 seconds .

========================================================================
Received Import Request.
  Time since last request: 0.000278 seconds.
  path: Assets/Material/FinalSuccess.mat
  artifactKey: Guid(e5cc7f3d6bd69f54d9ab1b382318f76f) Importer(815301076,1909f56bfc062723c751e8b465ee728b)
Start importing Assets/Material/FinalSuccess.mat using Guid(e5cc7f3d6bd69f54d9ab1b382318f76f) Importer(815301076,1909f56bfc062723c751e8b465ee728b)  -> (artifact id: '0b95e7a26a926832336adb3f908bced5') in 0.018378 seconds
  Import took 0.021490 seconds .

========================================================================
Received Import Request.
  Time since last request: 0.000291 seconds.
  path: Assets/Material/UnsafeColor.mat
  artifactKey: Guid(0574e1f7a27aa384e95e91ba78288866) Importer(815301076,1909f56bfc062723c751e8b465ee728b)
Start importing Assets/Material/UnsafeColor.mat using Guid(0574e1f7a27aa384e95e91ba78288866) Importer(815301076,1909f56bfc062723c751e8b465ee728b)  -> (artifact id: 'ba99f379d9bb3432ac4fc62394bc60f6') in 0.019631 seconds
  Import took 0.022823 seconds .

========================================================================
Received Import Request.
  Time since last request: 0.000241 seconds.
  path: Assets/Material/SafeColor.mat
  artifactKey: Guid(fc08368f20b65654b93d7a44bad96335) Importer(815301076,1909f56bfc062723c751e8b465ee728b)
Start importing Assets/Material/SafeColor.mat using Guid(fc08368f20b65654b93d7a44bad96335) Importer(815301076,1909f56bfc062723c751e8b465ee728b)  -> (artifact id: 'f8172a2a7d3b316f4582e9a2e6c2cb63') in 0.020135 seconds
  Import took 0.022893 seconds .

========================================================================
Received Prepare
Registering precompiled user dll's ...
Registered in 0.001641 seconds.
Begin MonoManager ReloadAssembly
Native extension for WindowsStandalone target not found
Refreshing native plugins compatible for Editor in 0.27 ms, found 0 plugins.
Preloading 0 native plugins for Editor in 0.00 ms.
Mono: successfully reloaded assembly
- Completed reload, in  1.173 seconds
Platform modules already initialized, skipping
Refreshing native plugins compatible for Editor in 0.28 ms, found 0 plugins.
Preloading 0 native plugins for Editor in 0.00 ms.
Unloading 1113 Unused Serialized files (Serialized files now loaded: 0)
System memory in use before: 60.7 MB.
System memory in use after: 60.8 MB.

Unloading 5 unused Assets to reduce memory usage. Loaded Objects now: 1669.
Total: 2.178100 ms (FindLiveObjects: 0.149400 ms CreateObjectMapping: 0.039400 ms MarkObjects: 1.932300 ms  DeleteObjects: 0.056100 ms)

========================================================================
Received Import Request.
  Time since last request: 122.801716 seconds.
  path: Assets/Sprites/Paint Splash.png
  artifactKey: Guid(fd755229a57d1aa48853f12f55be8635) Importer(815301076,1909f56bfc062723c751e8b465ee728b)
Start importing Assets/Sprites/Paint Splash.png using Guid(fd755229a57d1aa48853f12f55be8635) Importer(815301076,1909f56bfc062723c751e8b465ee728b)  -> (artifact id: '6a3abd20cad3260dfc1b1987097c35aa') in 0.082337 seconds
  Import took 0.085467 seconds .

========================================================================
Received Import Request.
  Time since last request: 60.356481 seconds.
  path: Assets/Sprites/Paint Splash.prefab
  artifactKey: Guid(159592389ea93b94990f4f2f38fdb53a) Importer(815301076,1909f56bfc062723c751e8b465ee728b)
Start importing Assets/Sprites/Paint Splash.prefab using Guid(159592389ea93b94990f4f2f38fdb53a) Importer(815301076,1909f56bfc062723c751e8b465ee728b)  -> (artifact id: 'c90899f151a3e22b8c144e019a79d018') in 0.048478 seconds
  Import took 0.051311 seconds .

========================================================================
Received Prepare
Registering precompiled user dll's ...
Registered in 0.001755 seconds.
Begin MonoManager ReloadAssembly
Native extension for WindowsStandalone target not found
Refreshing native plugins compatible for Editor in 0.31 ms, found 0 plugins.
Preloading 0 native plugins for Editor in 0.00 ms.
Mono: successfully reloaded assembly
- Completed reload, in  1.244 seconds
Platform modules already initialized, skipping
Refreshing native plugins compatible for Editor in 0.24 ms, found 0 plugins.
Preloading 0 native plugins for Editor in 0.00 ms.
Unloading 1113 Unused Serialized files (Serialized files now loaded: 0)
System memory in use before: 60.8 MB.
System memory in use after: 60.8 MB.

Unloading 5 unused Assets to reduce memory usage. Loaded Objects now: 1674.
Total: 2.288100 ms (FindLiveObjects: 0.166700 ms CreateObjectMapping: 0.071600 ms MarkObjects: 1.987300 ms  DeleteObjects: 0.061400 ms)

========================================================================
Received Prepare
Registering precompiled user dll's ...
Registered in 0.001671 seconds.
Begin MonoManager ReloadAssembly
Native extension for WindowsStandalone target not found
Refreshing native plugins compatible for Editor in 0.24 ms, found 0 plugins.
Preloading 0 native plugins for Editor in 0.00 ms.
Mono: successfully reloaded assembly
- Completed reload, in  1.196 seconds
Platform modules already initialized, skipping
Refreshing native plugins compatible for Editor in 0.25 ms, found 0 plugins.
Preloading 0 native plugins for Editor in 0.00 ms.
Unloading 1113 Unused Serialized files (Serialized files now loaded: 0)
System memory in use before: 60.8 MB.
System memory in use after: 60.8 MB.

Unloading 5 unused Assets to reduce memory usage. Loaded Objects now: 1677.
Total: 2.235100 ms (FindLiveObjects: 0.172100 ms CreateObjectMapping: 0.072200 ms MarkObjects: 1.938000 ms  DeleteObjects: 0.051900 ms)

========================================================================
Received Prepare
Registering precompiled user dll's ...
Registered in 0.001873 seconds.
Begin MonoManager ReloadAssembly
Native extension for WindowsStandalone target not found
Refreshing native plugins compatible for Editor in 0.25 ms, found 0 plugins.
Preloading 0 native plugins for Editor in 0.00 ms.
Mono: successfully reloaded assembly
- Completed reload, in  1.173 seconds
Platform modules already initialized, skipping
Refreshing native plugins compatible for Editor in 0.25 ms, found 0 plugins.
Preloading 0 native plugins for Editor in 0.00 ms.
Unloading 1113 Unused Serialized files (Serialized files now loaded: 0)
System memory in use before: 60.8 MB.
System memory in use after: 60.8 MB.

Unloading 5 unused Assets to reduce memory usage. Loaded Objects now: 1680.
Total: 2.329800 ms (FindLiveObjects: 0.179400 ms CreateObjectMapping: 0.074100 ms MarkObjects: 2.018100 ms  DeleteObjects: 0.057400 ms)

========================================================================
Received Import Request.
  Time since last request: 813.808295 seconds.
  path: Assets/Sprites/Paint Splash.prefab
  artifactKey: Guid(159592389ea93b94990f4f2f38fdb53a) Importer(815301076,1909f56bfc062723c751e8b465ee728b)
Start importing Assets/Sprites/Paint Splash.prefab using Guid(159592389ea93b94990f4f2f38fdb53a) Importer(815301076,1909f56bfc062723c751e8b465ee728b)  -> (artifact id: 'fe39e9c23128ec8a3cbd74a93c6457d4') in 0.069798 seconds
  Import took 0.072597 seconds .

========================================================================
Received Import Request.
  Time since last request: 13.498083 seconds.
  path: Assets/Sprites/Paint Splash.prefab
  artifactKey: Guid(159592389ea93b94990f4f2f38fdb53a) Importer(815301076,1909f56bfc062723c751e8b465ee728b)
Start importing Assets/Sprites/Paint Splash.prefab using Guid(159592389ea93b94990f4f2f38fdb53a) Importer(815301076,1909f56bfc062723c751e8b465ee728b)  -> (artifact id: 'fc162b978acdcbbf413d11d9ba474d9a') in 0.016222 seconds
  Import took 0.020190 seconds .

========================================================================
Received Prepare
Registering precompiled user dll's ...
Registered in 0.001722 seconds.
Begin MonoManager ReloadAssembly
Native extension for WindowsStandalone target not found
Refreshing native plugins compatible for Editor in 0.25 ms, found 0 plugins.
Preloading 0 native plugins for Editor in 0.00 ms.
Mono: successfully reloaded assembly
- Completed reload, in  1.243 seconds
Platform modules already initialized, skipping
Refreshing native plugins compatible for Editor in 0.24 ms, found 0 plugins.
Preloading 0 native plugins for Editor in 0.00 ms.
Unloading 1113 Unused Serialized files (Serialized files now loaded: 0)
System memory in use before: 60.8 MB.
System memory in use after: 60.8 MB.

Unloading 5 unused Assets to reduce memory usage. Loaded Objects now: 1684.
Total: 1.920700 ms (FindLiveObjects: 0.143000 ms CreateObjectMapping: 0.040800 ms MarkObjects: 1.683100 ms  DeleteObjects: 0.052900 ms)

========================================================================
Received Import Request.
  Time since last request: 33.972030 seconds.
  path: Assets/Sprites/Paint Splash.prefab
  artifactKey: Guid(159592389ea93b94990f4f2f38fdb53a) Importer(815301076,1909f56bfc062723c751e8b465ee728b)
Start importing Assets/Sprites/Paint Splash.prefab using Guid(159592389ea93b94990f4f2f38fdb53a) Importer(815301076,1909f56bfc062723c751e8b465ee728b)  -> (artifact id: '5fe7b978a3e0701a2210ac12fe674647') in 0.068737 seconds
  Import took 0.071650 seconds .

========================================================================
Received Prepare
Registering precompiled user dll's ...
Registered in 0.002436 seconds.
Begin MonoManager ReloadAssembly
Native extension for WindowsStandalone target not found
Refreshing native plugins compatible for Editor in 0.28 ms, found 0 plugins.
Preloading 0 native plugins for Editor in 0.00 ms.
Mono: successfully reloaded assembly
- Completed reload, in  1.780 seconds
Platform modules already initialized, skipping
Refreshing native plugins compatible for Editor in 0.35 ms, found 0 plugins.
Preloading 0 native plugins for Editor in 0.00 ms.
Unloading 1113 Unused Serialized files (Serialized files now loaded: 0)
System memory in use before: 60.8 MB.
System memory in use after: 60.9 MB.

Unloading 5 unused Assets to reduce memory usage. Loaded Objects now: 1688.
Total: 3.831800 ms (FindLiveObjects: 0.279700 ms CreateObjectMapping: 0.121900 ms MarkObjects: 3.344600 ms  DeleteObjects: 0.083700 ms)

========================================================================
Received Import Request.
  Time since last request: 21.017264 seconds.
  path: Assets/Sprites/Paint Splash.prefab
  artifactKey: Guid(159592389ea93b94990f4f2f38fdb53a) Importer(815301076,1909f56bfc062723c751e8b465ee728b)
Start importing Assets/Sprites/Paint Splash.prefab using Guid(159592389ea93b94990f4f2f38fdb53a) Importer(815301076,1909f56bfc062723c751e8b465ee728b)  -> (artifact id: '9f357d06c8499c5ed77f2a9de684bd2e') in 0.098480 seconds
  Import took 0.103757 seconds .

========================================================================
Received Import Request.
  Time since last request: 10.044104 seconds.
  path: Assets/Sprites/Paint Splash.prefab
  artifactKey: Guid(159592389ea93b94990f4f2f38fdb53a) Importer(815301076,1909f56bfc062723c751e8b465ee728b)
Start importing Assets/Sprites/Paint Splash.prefab using Guid(159592389ea93b94990f4f2f38fdb53a) Importer(815301076,1909f56bfc062723c751e8b465ee728b)  -> (artifact id: '65ae20222b5290a8cfc34f5673f2af8a') in 0.022224 seconds
  Import took 0.027670 seconds .

========================================================================
Received Import Request.
  Time since last request: 6.065580 seconds.
  path: Assets/Sprites/Paint Splash.prefab
  artifactKey: Guid(159592389ea93b94990f4f2f38fdb53a) Importer(815301076,1909f56bfc062723c751e8b465ee728b)
Start importing Assets/Sprites/Paint Splash.prefab using Guid(159592389ea93b94990f4f2f38fdb53a) Importer(815301076,1909f56bfc062723c751e8b465ee728b)  -> (artifact id: 'd9b0769116c69e2fad65569f240da113') in 0.018724 seconds
  Import took 0.021732 seconds .

========================================================================
Received Prepare
Registering precompiled user dll's ...
Registered in 0.009410 seconds.
Begin MonoManager ReloadAssembly
Native extension for WindowsStandalone target not found
Refreshing native plugins compatible for Editor in 1.56 ms, found 0 plugins.
Preloading 0 native plugins for Editor in 0.00 ms.
Mono: successfully reloaded assembly
- Completed reload, in  5.379 seconds
Platform modules already initialized, skipping
Refreshing native plugins compatible for Editor in 1.16 ms, found 0 plugins.
Preloading 0 native plugins for Editor in 0.00 ms.
Unloading 1113 Unused Serialized files (Serialized files now loaded: 0)
System memory in use before: 60.8 MB.
System memory in use after: 60.9 MB.

Unloading 5 unused Assets to reduce memory usage. Loaded Objects now: 1692.
Total: 6.027900 ms (FindLiveObjects: 0.622200 ms CreateObjectMapping: 0.171300 ms MarkObjects: 5.106900 ms  DeleteObjects: 0.123700 ms)

========================================================================
Received Prepare
Registering precompiled user dll's ...
Registered in 0.001736 seconds.
Begin MonoManager ReloadAssembly
Native extension for WindowsStandalone target not found
Refreshing native plugins compatible for Editor in 0.27 ms, found 0 plugins.
Preloading 0 native plugins for Editor in 0.00 ms.
Mono: successfully reloaded assembly
- Completed reload, in  1.332 seconds
Platform modules already initialized, skipping
Refreshing native plugins compatible for Editor in 0.27 ms, found 0 plugins.
Preloading 0 native plugins for Editor in 0.00 ms.
Unloading 1113 Unused Serialized files (Serialized files now loaded: 0)
System memory in use before: 60.8 MB.
System memory in use after: 60.9 MB.

Unloading 5 unused Assets to reduce memory usage. Loaded Objects now: 1695.
Total: 2.423000 ms (FindLiveObjects: 0.216300 ms CreateObjectMapping: 0.092100 ms MarkObjects: 2.047800 ms  DeleteObjects: 0.065600 ms)

========================================================================
Received Prepare
Registering precompiled user dll's ...
Registered in 0.002236 seconds.
Begin MonoManager ReloadAssembly
Native extension for WindowsStandalone target not found
Refreshing native plugins compatible for Editor in 0.29 ms, found 0 plugins.
Preloading 0 native plugins for Editor in 0.00 ms.
Mono: successfully reloaded assembly
- Completed reload, in  1.313 seconds
Platform modules already initialized, skipping
Refreshing native plugins compatible for Editor in 0.25 ms, found 0 plugins.
Preloading 0 native plugins for Editor in 0.00 ms.
Unloading 1113 Unused Serialized files (Serialized files now loaded: 0)
System memory in use before: 60.8 MB.
System memory in use after: 60.9 MB.

Unloading 5 unused Assets to reduce memory usage. Loaded Objects now: 1698.
Total: 2.582900 ms (FindLiveObjects: 0.171900 ms CreateObjectMapping: 0.074600 ms MarkObjects: 2.276200 ms  DeleteObjects: 0.059200 ms)

========================================================================
Received Prepare
Registering precompiled user dll's ...
Registered in 0.002173 seconds.
Begin MonoManager ReloadAssembly
Native extension for WindowsStandalone target not found
Refreshing native plugins compatible for Editor in 0.27 ms, found 0 plugins.
Preloading 0 native plugins for Editor in 0.00 ms.
Mono: successfully reloaded assembly
- Completed reload, in  1.252 seconds
Platform modules already initialized, skipping
Refreshing native plugins compatible for Editor in 0.37 ms, found 0 plugins.
Preloading 0 native plugins for Editor in 0.00 ms.
Unloading 1113 Unused Serialized files (Serialized files now loaded: 0)
System memory in use before: 60.8 MB.
System memory in use after: 60.9 MB.

Unloading 5 unused Assets to reduce memory usage. Loaded Objects now: 1701.
Total: 2.526900 ms (FindLiveObjects: 0.203200 ms CreateObjectMapping: 0.080700 ms MarkObjects: 2.176800 ms  DeleteObjects: 0.064800 ms)

AssetImportWorkerClient::OnTransportError - code=2 error=End of file
